2026-04-16 22:19:28 | INFO     | MT5 | Attempting to connect to MT5 terminal...
2026-04-16 22:19:28 | DEBUG    | MT5 | MetaTrader5 library imported successfully.
2026-04-16 22:19:28 | DEBUG    | MT5 | Calling mt5.initialize()...
2026-04-16 22:19:28 | INFO     | MT5 | MT5 terminal initialized successfully.
2026-04-16 22:19:28 | DEBUG    | MT5 | Logging in | login=415559990 | server=Exness-MT5Trial14
2026-04-16 22:19:28 | INFO     | MT5 | Login successful | login=415559990 | server=Exness-MT5Trial14
2026-04-16 22:19:28 | DEBUG    | MT5 | Fetching account info...
2026-04-16 22:19:28 | INFO     | MT5 | Connected | name=Standard | server=Exness-MT5Trial14 | balance=1000.00 USD | equity=1000.00 | leverage=1:2000
2026-04-16 22:39:44 | INFO     | MT5 | Attempting to connect to MT5 terminal...
2026-04-16 22:39:44 | DEBUG    | MT5 | MetaTrader5 library imported successfully.
2026-04-16 22:39:44 | DEBUG    | MT5 | Calling mt5.initialize()...
2026-04-16 22:39:44 | INFO     | MT5 | MT5 terminal initialized successfully.
2026-04-16 22:39:44 | DEBUG    | MT5 | Logging in | login=415559990 | server=Exness-MT5Trial14
2026-04-16 22:39:44 | INFO     | MT5 | Login successful | login=415559990 | server=Exness-MT5Trial14
2026-04-16 22:39:44 | DEBUG    | MT5 | Fetching account info...
2026-04-16 22:39:44 | INFO     | MT5 | Connected | name=Standard | server=Exness-MT5Trial14 | balance=1000.00 USD | equity=1000.00 | leverage=1:2000
2026-04-16 22:40:48 | INFO     | MT5 | Attempting to connect to MT5 terminal...
2026-04-16 22:40:48 | DEBUG    | MT5 | MetaTrader5 library imported successfully.
2026-04-16 22:40:48 | DEBUG    | MT5 | Calling mt5.initialize()...
2026-04-16 22:40:48 | INFO     | MT5 | MT5 terminal initialized successfully.
2026-04-16 22:40:48 | DEBUG    | MT5 | Logging in | login=415559990 | server=Exness-MT5Trial14
2026-04-16 22:40:48 | INFO     | MT5 | Login successful | login=415559990 | server=Exness-MT5Trial14
2026-04-16 22:40:48 | DEBUG    | MT5 | Fetching account info...
2026-04-16 22:40:48 | INFO     | MT5 | Connected | name=Standard | server=Exness-MT5Trial14 | balance=1000.00 USD | equity=1000.00 | leverage=1:2000
2026-04-16 22:41:43 | INFO     | MT5 | Attempting to connect to MT5 terminal...
2026-04-16 22:41:43 | DEBUG    | MT5 | MetaTrader5 library imported successfully.
2026-04-16 22:41:43 | DEBUG    | MT5 | Calling mt5.initialize()...
2026-04-16 22:41:43 | INFO     | MT5 | MT5 terminal initialized successfully.
2026-04-16 22:41:43 | DEBUG    | MT5 | Logging in | login=415559990 | server=Exness-MT5Trial14
2026-04-16 22:41:43 | INFO     | MT5 | Login successful | login=415559990 | server=Exness-MT5Trial14
2026-04-16 22:41:43 | DEBUG    | MT5 | Fetching account info...
2026-04-16 22:41:43 | INFO     | MT5 | Connected | name=Standard | server=Exness-MT5Trial14 | balance=1000.00 USD | equity=1000.00 | leverage=1:2000
2026-04-16 22:44:16 | INFO     | MT5 | Attempting to connect to MT5 terminal...
2026-04-16 22:44:16 | DEBUG    | MT5 | MetaTrader5 library imported successfully.
2026-04-16 22:44:16 | DEBUG    | MT5 | Calling mt5.initialize()...
2026-04-16 22:44:16 | INFO     | MT5 | MT5 terminal initialized successfully.
2026-04-16 22:44:16 | DEBUG    | MT5 | Logging in | login=415559990 | server=Exness-MT5Trial14
2026-04-16 22:44:16 | INFO     | MT5 | Login successful | login=415559990 | server=Exness-MT5Trial14
2026-04-16 22:44:16 | DEBUG    | MT5 | Fetching account info...
2026-04-16 22:44:16 | INFO     | MT5 | Connected | name=Standard | server=Exness-MT5Trial14 | balance=1000.00 USD | equity=1000.00 | leverage=1:2000
2026-04-16 22:49:43 | INFO     | MT5 | Attempting to connect to MT5 terminal...
2026-04-16 22:49:43 | DEBUG    | MT5 | MetaTrader5 library imported successfully.
2026-04-16 22:49:43 | DEBUG    | MT5 | Calling mt5.initialize()...
2026-04-16 22:49:43 | INFO     | MT5 | MT5 terminal initialized successfully.
2026-04-16 22:49:43 | DEBUG    | MT5 | Logging in | login=415559990 | server=Exness-MT5Trial14
2026-04-16 22:49:43 | INFO     | MT5 | Login successful | login=415559990 | server=Exness-MT5Trial14
2026-04-16 22:49:43 | DEBUG    | MT5 | Fetching account info...
2026-04-16 22:49:43 | INFO     | MT5 | Connected | name=Standard | server=Exness-MT5Trial14 | balance=1000.00 USD | equity=1000.00 | leverage=1:2000
2026-04-16 22:53:46 | INFO     | MT5 | Attempting to connect to MT5 terminal...
2026-04-16 22:53:46 | DEBUG    | MT5 | MetaTrader5 library imported successfully.
2026-04-16 22:53:46 | DEBUG    | MT5 | Calling mt5.initialize()...
2026-04-16 22:53:46 | INFO     | MT5 | MT5 terminal initialized successfully.
2026-04-16 22:53:46 | DEBUG    | MT5 | Logging in | login=415559990 | server=Exness-MT5Trial14
2026-04-16 22:53:46 | INFO     | MT5 | Login successful | login=415559990 | server=Exness-MT5Trial14
2026-04-16 22:53:46 | DEBUG    | MT5 | Fetching account info...
2026-04-16 22:53:46 | INFO     | MT5 | Connected | name=Standard | server=Exness-MT5Trial14 | balance=1000.00 USD | equity=1000.00 | leverage=1:2000
2026-04-16 22:58:54 | INFO     | MT5 | Attempting to connect to MT5 terminal...
2026-04-16 22:58:54 | DEBUG    | MT5 | MetaTrader5 library imported successfully.
2026-04-16 22:58:54 | DEBUG    | MT5 | Calling mt5.initialize()...
2026-04-16 22:58:54 | INFO     | MT5 | MT5 terminal initialized successfully.
2026-04-16 22:58:54 | DEBUG    | MT5 | Logging in | login=415559990 | server=Exness-MT5Trial14
2026-04-16 22:58:54 | INFO     | MT5 | Login successful | login=415559990 | server=Exness-MT5Trial14
2026-04-16 22:58:54 | DEBUG    | MT5 | Fetching account info...
2026-04-16 22:58:54 | INFO     | MT5 | Connected | name=Standard | server=Exness-MT5Trial14 | balance=1000.00 USD | equity=1000.00 | leverage=1:2000
2026-04-16 23:00:14 | INFO     | MT5 | Attempting to connect to MT5 terminal...
2026-04-16 23:00:14 | DEBUG    | MT5 | MetaTrader5 library imported successfully.
2026-04-16 23:00:14 | DEBUG    | MT5 | Calling mt5.initialize()...
2026-04-16 23:00:15 | INFO     | MT5 | MT5 terminal initialized successfully.
2026-04-16 23:00:15 | DEBUG    | MT5 | Logging in | login=415559990 | server=Exness-MT5Trial14
2026-04-16 23:00:15 | INFO     | MT5 | Login successful | login=415559990 | server=Exness-MT5Trial14
2026-04-16 23:00:15 | DEBUG    | MT5 | Fetching account info...
2026-04-16 23:00:15 | INFO     | MT5 | Connected | name=Standard | server=Exness-MT5Trial14 | balance=1000.00 USD | equity=1000.00 | leverage=1:2000
2026-04-16 23:00:22 | INFO     | MT5 | Attempting to connect to MT5 terminal...
2026-04-16 23:00:22 | DEBUG    | MT5 | MetaTrader5 library imported successfully.
2026-04-16 23:00:22 | DEBUG    | MT5 | Calling mt5.initialize()...
2026-04-16 23:00:22 | INFO     | MT5 | MT5 terminal initialized successfully.
2026-04-16 23:00:22 | DEBUG    | MT5 | Logging in | login=415559990 | server=Exness-MT5Trial14
2026-04-16 23:00:22 | INFO     | MT5 | Login successful | login=415559990 | server=Exness-MT5Trial14
2026-04-16 23:00:22 | DEBUG    | MT5 | Fetching account info...
2026-04-16 23:00:22 | INFO     | MT5 | Connected | name=Standard | server=Exness-MT5Trial14 | balance=1000.00 USD | equity=1000.00 | leverage=1:2000
2026-04-16 23:00:52 | INFO     | MT5 | Attempting to connect to MT5 terminal...
2026-04-16 23:00:52 | DEBUG    | MT5 | MetaTrader5 library imported successfully.
2026-04-16 23:00:52 | DEBUG    | MT5 | Calling mt5.initialize()...
2026-04-16 23:00:52 | INFO     | MT5 | MT5 terminal initialized successfully.
2026-04-16 23:00:52 | DEBUG    | MT5 | Logging in | login=415559990 | server=Exness-MT5Trial14
2026-04-16 23:00:52 | INFO     | MT5 | Login successful | login=415559990 | server=Exness-MT5Trial14
2026-04-16 23:00:52 | DEBUG    | MT5 | Fetching account info...
2026-04-16 23:00:52 | INFO     | MT5 | Connected | name=Standard | server=Exness-MT5Trial14 | balance=1000.00 USD | equity=1000.00 | leverage=1:2000
2026-04-16 23:00:57 | INFO     | MT5 | Attempting to connect to MT5 terminal...
2026-04-16 23:00:57 | DEBUG    | MT5 | MetaTrader5 library imported successfully.
2026-04-16 23:00:57 | DEBUG    | MT5 | Calling mt5.initialize()...
2026-04-16 23:00:57 | INFO     | MT5 | MT5 terminal initialized successfully.
2026-04-16 23:00:57 | DEBUG    | MT5 | Logging in | login=415559990 | server=Exness-MT5Trial14
2026-04-16 23:00:57 | INFO     | MT5 | Login successful | login=415559990 | server=Exness-MT5Trial14
2026-04-16 23:00:57 | DEBUG    | MT5 | Fetching account info...
2026-04-16 23:00:57 | INFO     | MT5 | Connected | name=Standard | server=Exness-MT5Trial14 | balance=1000.00 USD | equity=1000.00 | leverage=1:2000
2026-04-16 23:01:06 | INFO     | MT5 | Attempting to connect to MT5 terminal...
2026-04-16 23:01:06 | DEBUG    | MT5 | MetaTrader5 library imported successfully.
2026-04-16 23:01:06 | DEBUG    | MT5 | Calling mt5.initialize()...
2026-04-16 23:01:06 | INFO     | MT5 | MT5 terminal initialized successfully.
2026-04-16 23:01:06 | DEBUG    | MT5 | Logging in | login=415559990 | server=Exness-MT5Trial14
2026-04-16 23:01:06 | INFO     | MT5 | Login successful | login=415559990 | server=Exness-MT5Trial14
2026-04-16 23:01:06 | DEBUG    | MT5 | Fetching account info...
2026-04-16 23:01:06 | INFO     | MT5 | Connected | name=Standard | server=Exness-MT5Trial14 | balance=1000.00 USD | equity=1000.00 | leverage=1:2000
2026-04-16 23:01:10 | INFO     | MT5 | Attempting to connect to MT5 terminal...
2026-04-16 23:01:10 | DEBUG    | MT5 | MetaTrader5 library imported successfully.
2026-04-16 23:01:10 | DEBUG    | MT5 | Calling mt5.initialize()...
2026-04-16 23:01:10 | INFO     | MT5 | MT5 terminal initialized successfully.
2026-04-16 23:01:10 | DEBUG    | MT5 | Logging in | login=415559990 | server=Exness-MT5Trial14
2026-04-16 23:01:10 | INFO     | MT5 | Login successful | login=415559990 | server=Exness-MT5Trial14
2026-04-16 23:01:10 | DEBUG    | MT5 | Fetching account info...
2026-04-16 23:01:10 | INFO     | MT5 | Connected | name=Standard | server=Exness-MT5Trial14 | balance=1000.00 USD | equity=1000.00 | leverage=1:2000
2026-04-16 23:22:04 | INFO     | MT5 | Attempting to connect to MT5 terminal...
2026-04-16 23:22:04 | DEBUG    | MT5 | MetaTrader5 library imported successfully.
2026-04-16 23:22:04 | DEBUG    | MT5 | Calling mt5.initialize()...
2026-04-16 23:22:04 | INFO     | MT5 | MT5 terminal initialized successfully.
2026-04-16 23:22:04 | DEBUG    | MT5 | Logging in | login=415559990 | server=Exness-MT5Trial14
2026-04-16 23:22:04 | INFO     | MT5 | Login successful | login=415559990 | server=Exness-MT5Trial14
2026-04-16 23:22:04 | DEBUG    | MT5 | Fetching account info...
2026-04-16 23:22:04 | INFO     | MT5 | Connected | name=Standard | server=Exness-MT5Trial14 | balance=1000.00 USD | equity=1000.00 | leverage=1:2000
2026-04-16 23:24:28 | INFO     | MT5 | Attempting to connect to MT5 terminal...
2026-04-16 23:24:28 | DEBUG    | MT5 | MetaTrader5 library imported successfully.
2026-04-16 23:24:28 | DEBUG    | MT5 | Calling mt5.initialize()...
2026-04-16 23:24:28 | INFO     | MT5 | MT5 terminal initialized successfully.
2026-04-16 23:24:28 | DEBUG    | MT5 | Logging in | login=415559990 | server=Exness-MT5Trial14
2026-04-16 23:24:28 | INFO     | MT5 | Login successful | login=415559990 | server=Exness-MT5Trial14
2026-04-16 23:24:28 | DEBUG    | MT5 | Fetching account info...
2026-04-16 23:24:28 | INFO     | MT5 | Connected | name=Standard | server=Exness-MT5Trial14 | balance=1000.00 USD | equity=1000.00 | leverage=1:2000
2026-04-16 23:34:34 | INFO     | MT5 | Attempting to connect to MT5 terminal...
2026-04-16 23:34:34 | DEBUG    | MT5 | MetaTrader5 library imported successfully.
2026-04-16 23:34:34 | DEBUG    | MT5 | Calling mt5.initialize()...
2026-04-16 23:34:34 | INFO     | MT5 | MT5 terminal initialized successfully.
2026-04-16 23:34:34 | DEBUG    | MT5 | Logging in | login=415559990 | server=Exness-MT5Trial14
2026-04-16 23:34:34 | INFO     | MT5 | Login successful | login=415559990 | server=Exness-MT5Trial14
2026-04-16 23:34:34 | DEBUG    | MT5 | Fetching account info...
2026-04-16 23:34:34 | INFO     | MT5 | Connected | name=Standard | server=Exness-MT5Trial14 | balance=1000.00 USD | equity=1000.00 | leverage=1:2000
2026-04-16 23:40:18 | INFO     | MT5 | Attempting to connect to MT5 terminal...
2026-04-16 23:40:18 | DEBUG    | MT5 | MetaTrader5 library imported successfully.
2026-04-16 23:40:18 | DEBUG    | MT5 | Calling mt5.initialize()...
2026-04-16 23:40:18 | INFO     | MT5 | MT5 terminal initialized successfully.
2026-04-16 23:40:18 | DEBUG    | MT5 | Logging in | login=415559990 | server=Exness-MT5Trial14
2026-04-16 23:40:18 | INFO     | MT5 | Login successful | login=415559990 | server=Exness-MT5Trial14
2026-04-16 23:40:18 | DEBUG    | MT5 | Fetching account info...
2026-04-16 23:40:18 | INFO     | MT5 | Connected | name=Standard | server=Exness-MT5Trial14 | balance=1000.00 USD | equity=1000.00 | leverage=1:2000
2026-04-16 23:40:52 | INFO     | MT5 | Attempting to connect to MT5 terminal...
2026-04-16 23:40:52 | DEBUG    | MT5 | MetaTrader5 library imported successfully.
2026-04-16 23:40:52 | DEBUG    | MT5 | Calling mt5.initialize()...
2026-04-16 23:40:52 | INFO     | MT5 | MT5 terminal initialized successfully.
2026-04-16 23:40:52 | DEBUG    | MT5 | Logging in | login=415559990 | server=Exness-MT5Trial14
2026-04-16 23:40:52 | INFO     | MT5 | Login successful | login=415559990 | server=Exness-MT5Trial14
2026-04-16 23:40:52 | DEBUG    | MT5 | Fetching account info...
2026-04-16 23:40:52 | INFO     | MT5 | Connected | name=Standard | server=Exness-MT5Trial14 | balance=1000.00 USD | equity=1000.00 | leverage=1:2000
2026-04-16 23:41:15 | INFO     | MT5 | Attempting to connect to MT5 terminal...
2026-04-16 23:41:15 | DEBUG    | MT5 | MetaTrader5 library imported successfully.
2026-04-16 23:41:15 | DEBUG    | MT5 | Calling mt5.initialize()...
2026-04-16 23:41:44 | INFO     | MT5 | Attempting to connect to MT5 terminal...
2026-04-16 23:41:44 | DEBUG    | MT5 | MetaTrader5 library imported successfully.
2026-04-16 23:41:44 | DEBUG    | MT5 | Calling mt5.initialize()...
2026-04-16 23:41:44 | INFO     | MT5 | MT5 terminal initialized successfully.
2026-04-16 23:41:44 | DEBUG    | MT5 | Logging in | login=415559990 | server=Exness-MT5Trial14
2026-04-16 23:41:44 | INFO     | MT5 | Login successful | login=415559990 | server=Exness-MT5Trial14
2026-04-16 23:41:44 | DEBUG    | MT5 | Fetching account info...
2026-04-16 23:41:44 | INFO     | MT5 | Connected | name=Standard | server=Exness-MT5Trial14 | balance=1000.00 USD | equity=1000.00 | leverage=1:2000
2026-04-16 23:45:22 | INFO     | MT5 | Attempting to connect to MT5 terminal...
2026-04-16 23:45:22 | DEBUG    | MT5 | MetaTrader5 library imported successfully.
2026-04-16 23:45:22 | DEBUG    | MT5 | Calling mt5.initialize()...
2026-04-16 23:45:22 | INFO     | MT5 | MT5 terminal initialized successfully.
2026-04-16 23:45:22 | DEBUG    | MT5 | Logging in | login=415559990 | server=Exness-MT5Trial14
2026-04-16 23:45:22 | INFO     | MT5 | Login successful | login=415559990 | server=Exness-MT5Trial14
2026-04-16 23:45:22 | DEBUG    | MT5 | Fetching account info...
2026-04-16 23:45:22 | INFO     | MT5 | Connected | name=Standard | server=Exness-MT5Trial14 | balance=1000.00 USD | equity=1000.00 | leverage=1:2000
2026-04-16 23:46:57 | INFO     | MT5 | Attempting to connect to MT5 terminal...
2026-04-16 23:46:57 | DEBUG    | MT5 | MetaTrader5 library imported successfully.
2026-04-16 23:46:57 | DEBUG    | MT5 | Calling mt5.initialize()...
2026-04-16 23:46:57 | INFO     | MT5 | MT5 terminal initialized successfully.
2026-04-16 23:46:57 | DEBUG    | MT5 | Logging in | login=415559990 | server=Exness-MT5Trial14
2026-04-16 23:46:57 | INFO     | MT5 | Login successful | login=415559990 | server=Exness-MT5Trial14
2026-04-16 23:46:57 | DEBUG    | MT5 | Fetching account info...
2026-04-16 23:46:57 | INFO     | MT5 | Connected | name=Standard | server=Exness-MT5Trial14 | balance=1000.00 USD | equity=1000.00 | leverage=1:2000
2026-04-16 23:51:06 | INFO     | MT5 | Attempting to connect to MT5 terminal...
2026-04-16 23:51:06 | DEBUG    | MT5 | MetaTrader5 library imported successfully.
2026-04-16 23:51:06 | DEBUG    | MT5 | Calling mt5.initialize()...
2026-04-16 23:51:06 | INFO     | MT5 | MT5 terminal initialized successfully.
2026-04-16 23:51:06 | DEBUG    | MT5 | Logging in | login=415559990 | server=Exness-MT5Trial14
2026-04-16 23:51:06 | INFO     | MT5 | Login successful | login=415559990 | server=Exness-MT5Trial14
2026-04-16 23:51:06 | DEBUG    | MT5 | Fetching account info...
2026-04-16 23:51:06 | INFO     | MT5 | Connected | name=Standard | server=Exness-MT5Trial14 | balance=1000.00 USD | equity=1000.00 | leverage=1:2000
2026-04-16 23:51:31 | INFO     | MT5 | Attempting to connect to MT5 terminal...
2026-04-16 23:51:31 | DEBUG    | MT5 | MetaTrader5 library imported successfully.
2026-04-16 23:51:31 | DEBUG    | MT5 | Calling mt5.initialize()...
2026-04-16 23:51:31 | INFO     | MT5 | MT5 terminal initialized successfully.
2026-04-16 23:51:31 | DEBUG    | MT5 | Logging in | login=415559990 | server=Exness-MT5Trial14
2026-04-16 23:51:31 | INFO     | MT5 | Login successful | login=415559990 | server=Exness-MT5Trial14
2026-04-16 23:51:31 | DEBUG    | MT5 | Fetching account info...
2026-04-16 23:51:31 | INFO     | MT5 | Connected | name=Standard | server=Exness-MT5Trial14 | balance=1000.00 USD | equity=1000.00 | leverage=1:2000
2026-04-16 23:53:42 | INFO     | MT5 | Attempting to connect to MT5 terminal...
2026-04-16 23:53:42 | DEBUG    | MT5 | MetaTrader5 library imported successfully.
2026-04-16 23:53:42 | DEBUG    | MT5 | Calling mt5.initialize()...
2026-04-16 23:53:42 | INFO     | MT5 | MT5 terminal initialized successfully.
2026-04-16 23:53:42 | DEBUG    | MT5 | Logging in | login=415559990 | server=Exness-MT5Trial14
2026-04-16 23:53:42 | INFO     | MT5 | Login successful | login=415559990 | server=Exness-MT5Trial14
2026-04-16 23:53:42 | DEBUG    | MT5 | Fetching account info...
2026-04-16 23:53:42 | INFO     | MT5 | Connected | name=Standard | server=Exness-MT5Trial14 | balance=1000.00 USD | equity=1000.00 | leverage=1:2000
2026-04-17 10:17:16 | INFO     | MT5 | Attempting to connect to MT5 terminal...
2026-04-17 10:17:16 | DEBUG    | MT5 | MetaTrader5 library imported successfully.
2026-04-17 10:17:16 | DEBUG    | MT5 | Calling mt5.initialize()...
2026-04-17 10:17:22 | INFO     | MT5 | MT5 terminal initialized successfully.
2026-04-17 10:17:22 | DEBUG    | MT5 | Logging in | login=415559990 | server=Exness-MT5Trial14
2026-04-17 10:17:22 | INFO     | MT5 | Login successful | login=415559990 | server=Exness-MT5Trial14
2026-04-17 10:17:22 | DEBUG    | MT5 | Fetching account info...
2026-04-17 10:17:22 | INFO     | MT5 | Connected | name=Standard | server=Exness-MT5Trial14 | balance=1000.00 USD | equity=1000.00 | leverage=1:2000
2026-04-17 10:48:31 | INFO     | MT5 | Attempting to connect to MT5 terminal...
2026-04-17 10:48:31 | DEBUG    | MT5 | MetaTrader5 library imported successfully.
2026-04-17 10:48:31 | DEBUG    | MT5 | Calling mt5.initialize()...
2026-04-17 10:48:31 | INFO     | MT5 | MT5 terminal initialized successfully.
2026-04-17 10:48:31 | DEBUG    | MT5 | Logging in | login=415559990 | server=Exness-MT5Trial14
2026-04-17 10:48:31 | INFO     | MT5 | Login successful | login=415559990 | server=Exness-MT5Trial14
2026-04-17 10:48:31 | DEBUG    | MT5 | Fetching account info...
2026-04-17 10:48:31 | INFO     | MT5 | Connected | name=Standard | server=Exness-MT5Trial14 | balance=1000.00 USD | equity=1000.00 | leverage=1:2000
2026-04-17 10:54:02 | INFO     | MT5 | Attempting to connect to MT5 terminal...
2026-04-17 10:54:02 | DEBUG    | MT5 | MetaTrader5 library imported successfully.
2026-04-17 10:54:02 | DEBUG    | MT5 | Calling mt5.initialize()...
2026-04-17 10:54:02 | INFO     | MT5 | MT5 terminal initialized successfully.
2026-04-17 10:54:02 | DEBUG    | MT5 | Logging in | login=415559990 | server=Exness-MT5Trial14
2026-04-17 10:54:02 | INFO     | MT5 | Login successful | login=415559990 | server=Exness-MT5Trial14
2026-04-17 10:54:02 | DEBUG    | MT5 | Fetching account info...
2026-04-17 10:54:02 | INFO     | MT5 | Connected | name=Standard | server=Exness-MT5Trial14 | balance=1000.00 USD | equity=1000.00 | leverage=1:2000
2026-04-17 10:56:14 | INFO     | MT5 | Attempting to connect to MT5 terminal...
2026-04-17 10:56:14 | DEBUG    | MT5 | MetaTrader5 library imported successfully.
2026-04-17 10:56:14 | DEBUG    | MT5 | Calling mt5.initialize()...
2026-04-17 10:56:14 | INFO     | MT5 | MT5 terminal initialized successfully.
2026-04-17 10:56:14 | DEBUG    | MT5 | Logging in | login=415559990 | server=Exness-MT5Trial14
2026-04-17 10:56:14 | INFO     | MT5 | Login successful | login=415559990 | server=Exness-MT5Trial14
2026-04-17 10:56:14 | DEBUG    | MT5 | Fetching account info...
2026-04-17 10:56:14 | INFO     | MT5 | Connected | name=Standard | server=Exness-MT5Trial14 | balance=1000.00 USD | equity=1000.00 | leverage=1:2000
2026-04-17 10:56:22 | INFO     | MT5 | Attempting to connect to MT5 terminal...
2026-04-17 10:56:22 | DEBUG    | MT5 | MetaTrader5 library imported successfully.
2026-04-17 10:56:22 | DEBUG    | MT5 | Calling mt5.initialize()...
2026-04-17 10:56:22 | INFO     | MT5 | MT5 terminal initialized successfully.
2026-04-17 10:56:22 | DEBUG    | MT5 | Logging in | login=415559990 | server=Exness-MT5Trial14
2026-04-17 10:56:22 | INFO     | MT5 | Login successful | login=415559990 | server=Exness-MT5Trial14
2026-04-17 10:56:22 | DEBUG    | MT5 | Fetching account info...
2026-04-17 10:56:22 | INFO     | MT5 | Connected | name=Standard | server=Exness-MT5Trial14 | balance=1000.00 USD | equity=1000.00 | leverage=1:2000
2026-04-17 11:07:31 | INFO     | MT5 | Attempting to connect to MT5 terminal...
2026-04-17 11:07:31 | DEBUG    | MT5 | MetaTrader5 library imported successfully.
2026-04-17 11:07:31 | DEBUG    | MT5 | Calling mt5.initialize()...
2026-04-17 11:07:31 | INFO     | MT5 | MT5 terminal initialized successfully.
2026-04-17 11:07:31 | DEBUG    | MT5 | Logging in | login=415559990 | server=Exness-MT5Trial14
2026-04-17 11:07:31 | INFO     | MT5 | Login successful | login=415559990 | server=Exness-MT5Trial14
2026-04-17 11:07:31 | DEBUG    | MT5 | Fetching account info...
2026-04-17 11:07:31 | INFO     | MT5 | Connected | name=Standard | server=Exness-MT5Trial14 | balance=1000.00 USD | equity=1000.00 | leverage=1:2000
